 \imginline{}{/figs/fig-umap-common-voc-ALL.png}{Proyección 2D y 3D (color) de los vocabularios semánticos de la región ALL -- palabras comunes (qué aparecen en al menos 10 regiones)}{width: 33%;}
---
 \imginline{}{/figs/fig-umap-common-voc-AR.png}{Proyección 2D y 3D (color) de los vocabularios semánticos de la región AR -- palabras comunes (qué aparecen en al menos 10 regiones)}{width: 33%;}
---
 \imginline{}{/figs/fig-umap-common-voc-BO.png}{Proyección 2D y 3D (color) de los vocabularios semánticos de la región BO -- palabras comunes (qué aparecen en al menos 10 regiones)}{width: 33%;}
---
 \imginline{}{/figs/fig-umap-common-voc-BR.png}{Proyección 2D y 3D (color) de los vocabularios semánticos de la región BR -- palabras comunes (qué aparecen en al menos 10 regiones)}{width: 33%;}
---
 \imginline{}{/figs/fig-umap-common-voc-CA.png}{Proyección 2D y 3D (color) de los vocabularios semánticos de la región CA -- palabras comunes (qué aparecen en al menos 10 regiones)}{width: 33%;}
---
 \imginline{}{/figs/fig-umap-common-voc-CL.png}{Proyección 2D y 3D (color) de los vocabularios semánticos de la región CL -- palabras comunes (qué aparecen en al menos 10 regiones)}{width: 33%;}
---
 \imginline{}{/figs/fig-umap-common-voc-CO.png}{Proyección 2D y 3D (color) de los vocabularios semánticos de la región CO -- palabras comunes (qué aparecen en al menos 10 regiones)}{width: 33%;}
---
 \imginline{}{/figs/fig-umap-common-voc-CR.png}{Proyección 2D y 3D (color) de los vocabularios semánticos de la región CR -- palabras comunes (qué aparecen en al menos 10 regiones)}{width: 33%;}
---
 \imginline{}{/figs/fig-umap-common-voc-CU.png}{Proyección 2D y 3D (color) de los vocabularios semánticos de la región CU -- palabras comunes (qué aparecen en al menos 10 regiones)}{width: 33%;}
---
 \imginline{}{/figs/fig-umap-common-voc-DO.png}{Proyección 2D y 3D (color) de los vocabularios semánticos de la región DO -- palabras comunes (qué aparecen en al menos 10 regiones)}{width: 33%;}
---
 \imginline{}{/figs/fig-umap-common-voc-EC.png}{Proyección 2D y 3D (color) de los vocabularios semánticos de la región EC -- palabras comunes (qué aparecen en al menos 10 regiones)}{width: 33%;}
---
 \imginline{}{/figs/fig-umap-common-voc-ES.png}{Proyección 2D y 3D (color) de los vocabularios semánticos de la región ES -- palabras comunes (qué aparecen en al menos 10 regiones)}{width: 33%;}
---
 \imginline{}{/figs/fig-umap-common-voc-FR.png}{Proyección 2D y 3D (color) de los vocabularios semánticos de la región FR -- palabras comunes (qué aparecen en al menos 10 regiones)}{width: 33%;}
---
 \imginline{}{/figs/fig-umap-common-voc-GB.png}{Proyección 2D y 3D (color) de los vocabularios semánticos de la región GB -- palabras comunes (qué aparecen en al menos 10 regiones)}{width: 33%;}
---
 \imginline{}{/figs/fig-umap-common-voc-GQ.png}{Proyección 2D y 3D (color) de los vocabularios semánticos de la región GQ -- palabras comunes (qué aparecen en al menos 10 regiones)}{width: 33%;}
---
 \imginline{}{/figs/fig-umap-common-voc-GT.png}{Proyección 2D y 3D (color) de los vocabularios semánticos de la región GT -- palabras comunes (qué aparecen en al menos 10 regiones)}{width: 33%;}
---
 \imginline{}{/figs/fig-umap-common-voc-HN.png}{Proyección 2D y 3D (color) de los vocabularios semánticos de la región HN -- palabras comunes (qué aparecen en al menos 10 regiones)}{width: 33%;}
---
 \imginline{}{/figs/fig-umap-common-voc-MX.png}{Proyección 2D y 3D (color) de los vocabularios semánticos de la región MX -- palabras comunes (qué aparecen en al menos 10 regiones)}{width: 33%;}
---
 \imginline{}{/figs/fig-umap-common-voc-NI.png}{Proyección 2D y 3D (color) de los vocabularios semánticos de la región NI -- palabras comunes (qué aparecen en al menos 10 regiones)}{width: 33%;}
---
 \imginline{}{/figs/fig-umap-common-voc-PA.png}{Proyección 2D y 3D (color) de los vocabularios semánticos de la región PA -- palabras comunes (qué aparecen en al menos 10 regiones)}{width: 33%;}
---
 \imginline{}{/figs/fig-umap-common-voc-PE.png}{Proyección 2D y 3D (color) de los vocabularios semánticos de la región PE -- palabras comunes (qué aparecen en al menos 10 regiones)}{width: 33%;}
---
 \imginline{}{/figs/fig-umap-common-voc-PR.png}{Proyección 2D y 3D (color) de los vocabularios semánticos de la región PR -- palabras comunes (qué aparecen en al menos 10 regiones)}{width: 33%;}
---
 \imginline{}{/figs/fig-umap-common-voc-PY.png}{Proyección 2D y 3D (color) de los vocabularios semánticos de la región PY -- palabras comunes (qué aparecen en al menos 10 regiones)}{width: 33%;}
---
 \imginline{}{/figs/fig-umap-common-voc-SV.png}{Proyección 2D y 3D (color) de los vocabularios semánticos de la región SV -- palabras comunes (qué aparecen en al menos 10 regiones)}{width: 33%;}
---
 \imginline{}{/figs/fig-umap-common-voc-US.png}{Proyección 2D y 3D (color) de los vocabularios semánticos de la región US -- palabras comunes (qué aparecen en al menos 10 regiones)}{width: 33%;}
---
 \imginline{}{/figs/fig-umap-common-voc-UY.png}{Proyección 2D y 3D (color) de los vocabularios semánticos de la región UY -- palabras comunes (qué aparecen en al menos 10 regiones)}{width: 33%;}
---
 \imginline{}{/figs/fig-umap-common-voc-VE.png}{Proyección 2D y 3D (color) de los vocabularios semánticos de la región VE -- palabras comunes (qué aparecen en al menos 10 regiones)}{width: 33%;}
---
