| region |   1 |   2 |   3 |   4 |   5 |   6 |   7 |   8 |   9 |  10 |  11 |  12 |  13 |  14 |  15 |  16 |  17 |  18 |  19 |  20 |
| ------:| ---:| ---:| ---:| ---:| ---:| ---:| ---:| ---:| ---:| ---:| ---:| ---:| ---:| ---:| ---:| ---:| ---:| ---:| ---:| ---:|
|    ALL |   😂 |   😍 |   ❤ |   😭 |   🏻 |   ‍ |   🎶 |   😘 |   🙄 |   👏 |   🤔 |   🏼 |   👌 |   😊 |   💕 |   🙏 |   ♀ |   🤣 |   😒 |   🤦 |
|     AR |   😂 |   😍 |   ❤ |   😭 |   🎶 |   👌 |   😘 |   👏 |   😒 |   ‍ |   💕 |   😊 |   🏻 |   💔 |   💪 |   🙄 |   🤦 |   🙌 |   😢 |   ♥ |
|     BO |   😂 |   ❤ |   🇧 |   🇴 |   😍 |   🏻 |   😭 |   🇪 |   🇸 |   🤣 |   ‍ |   😊 |   💪 |   🇷 |   😘 |   👏 |   🇦 |   😅 |   🙏 |   📣 |
|     BR |   ❤ |   😂 |   😍 |   🎶 |   🏻 |   😘 |   🙏 |   👏 |   😭 |   ‍ |   🇷 |   ♥ |   🇧 |   🏼 |   💕 |   🤣 |   💙 |   🙄 |   🤔 |   🏽 |
|     CA |   😂 |   🏻 |   ‍ |   ❤ |   😍 |   🏼 |   ♀ |   😭 |   🤔 |   🇨 |   🤣 |   🙄 |   🤷 |   🇦 |   😉 |   😘 |   🙏 |   🤦 |   🏽 |   😊 |
|     CL |   😂 |   🏻 |   ❤ |   😍 |   ‍ |   🤔 |   👏 |   🤣 |   😭 |   🙄 |   😊 |   🏼 |   😘 |   🤦 |   🇨 |   🇱 |   💪 |   👍 |   😉 |   ♂ |
|     CO |   😂 |   😍 |   🎶 |   ❤ |   🏻 |   😭 |   ‍ |   🙏 |   👌 |   🙄 |   🤣 |   🏼 |   ♀ |   🤔 |   💕 |   😔 |   😒 |   🤦 |   👏 |   💔 |
|     CR |   😂 |   ❤ |   😭 |   😍 |   🏻 |   ‍ |   🙄 |   🏼 |   🤔 |   ♀ |   🏽 |   🤦 |   🙌 |   😅 |   😒 |   ♂ |   💔 |   🤷 |   🎶 |   🇷 |
|     CU |   🇺 |   🇨 |   😂 |   🏻 |   ‍ |   🤣 |   ❤ |   😍 |   ♂ |   😘 |   😉 |   🤦 |   ♀ |   🤔 |   🤷 |   👍 |   😅 |   😭 |   🙏 |   👏 |
|     DO |   😂 |   😍 |   ‍ |   🏻 |   🎶 |   🤣 |   ❤ |   😭 |   🤦 |   🏽 |   🙏 |   🤔 |   🙄 |   ♀ |   ♂ |   😩 |   😘 |   🙌 |   🙈 |   🏼 |
|     EC |   😂 |   😍 |   ❤ |   🏻 |   😭 |   ‍ |   🤣 |   🎶 |   🙏 |   🏼 |   👏 |   🤔 |   🇪 |   😊 |   🇨 |   🙄 |   ♀ |   😔 |   💕 |   😘 |
|     ES |   😂 |   😍 |   😘 |   ❤ |   🏻 |   👏 |   😉 |   😭 |   😊 |   💪 |   ‍ |   🏼 |   🤣 |   🤔 |   😅 |   😜 |   🙄 |   👍 |   👌 |   ♀ |
|     FR |   😂 |   😘 |   ❤ |   😍 |   😭 |   🏻 |   💋 |   ‍ |   😉 |   🏼 |   😊 |   🇷 |   👍 |   👏 |   🎶 |   🤔 |   ♀ |   👌 |   🤣 |   💪 |
|     GB |   😂 |   😍 |   ❤ |   🏻 |   ‍ |   😭 |   🏼 |   😉 |   😘 |   🤣 |   😊 |   🤔 |   👏 |   👍 |   🙄 |   ♀ |   😅 |   👌 |   🏽 |   ♂ |
|     GQ |   😂 |   ❤ |   😘 |   😭 |   😍 |   😊 |   🇬 |   👏 |   🇶 |   😀 |   😒 |   🏽 |   🤔 |   🙄 |   ‍ |   🏾 |   😉 |   😎 |   😃 |   😕 |
|     GT |   😂 |   😍 |   ❤ |   🏻 |   😭 |   🤣 |   🎶 |   😊 |   ‍ |   🙄 |   🤔 |   🏼 |   👌 |   😘 |   😅 |   😉 |   💕 |   😒 |   😏 |   😁 |
|     HN |   😂 |   ❤ |   😍 |   😭 |   🏻 |   🤣 |   ‍ |   🎶 |   🙄 |   ♀ |   🤔 |   🇳 |   🇭 |   🏼 |   🤷 |   😅 |   🙏 |   🏽 |   🥺 |   ♂ |
|     MX |   😂 |   ❤ |   😍 |   🏻 |   😭 |   ‍ |   🤔 |   🏼 |   🙄 |   😘 |   🙏 |   ♀ |   🎶 |   💕 |   😊 |   😢 |   👏 |   🙊 |   🤦 |   👌 |
|     NI |   😂 |   ❤ |   😍 |   😭 |   🏻 |   🎶 |   🙄 |   ‍ |   😒 |   🤔 |   💕 |   🤣 |   😅 |   👌 |   💔 |   ♀ |   😏 |   🏼 |   😔 |   😩 |
|     PA |   😂 |   🏻 |   ❤ |   ‍ |   😍 |   🤣 |   😭 |   🤔 |   ♀ |   🙄 |   🏼 |   🤦 |   ♂ |   🎶 |   🇦 |   🇵 |   🤷 |   😩 |   🏽 |   👏 |
|     PE |   😂 |   😍 |   ❤ |   😭 |   🏻 |   🤔 |   😊 |   🙄 |   ‍ |   🎶 |   🇪 |   😘 |   🇵 |   💕 |   🏼 |   🙏 |   😢 |   👏 |   💪 |   🤣 |
|     PR |   😂 |   🙄 |   🏻 |   😭 |   🏼 |   😒 |   ❤ |   😩 |   🤔 |   😍 |   🎶 |   😘 |   🙏 |   🏽 |   💪 |   🙌 |   🔥 |   💖 |   😹 |   🎧 |
|     PY |   😂 |   😍 |   ❤ |   😭 |   🏻 |   🎶 |   🤣 |   ‍ |   🤔 |   🙄 |   💪 |   👌 |   👏 |   💔 |   🙌 |   🏼 |   ♀ |   😢 |   😅 |   😎 |
|     SV |   😂 |   ❤ |   🤣 |   😍 |   😭 |   🏻 |   🎶 |   😊 |   🤔 |   😎 |   😅 |   ‍ |   🙄 |   🙏 |   👏 |   👌 |   😒 |   💕 |   🏼 |   😏 |
|     US |   😂 |   🏻 |   ‍ |   ❤ |   😍 |   😭 |   🏼 |   🙄 |   ♀ |   🏽 |   😘 |   🤣 |   🤔 |   🙏 |   🎶 |   🤦 |   😩 |   🤷 |   ♂ |   🔥 |
|     UY |   😂 |   😍 |   🏻 |   ‍ |   ❤ |   🎶 |   🏼 |   🙌 |   🙄 |   😭 |   ♀ |   🤦 |   😒 |   🤔 |   💪 |   👏 |   👌 |   🏽 |   🙏 |   😘 |
|     VE |   😂 |   😍 |   ❤ |   😭 |   🙏 |   🇪 |   ♥ |   🇻 |   🎶 |   😘 |   💕 |   🏻 |   👏 |   😊 |   🤔 |   👌 |   🙄 |   🤣 |   ✨ |   😏 |

